mode: set
altaproject2/features/user/usecase/logic.go:20.74,25.2 1 1
altaproject2/features/user/usecase/logic.go:27.70,30.19 2 0
altaproject2/features/user/usecase/logic.go:34.2,38.16 3 0
altaproject2/features/user/usecase/logic.go:43.2,43.19 1 0
altaproject2/features/user/usecase/logic.go:30.19,32.3 1 0
altaproject2/features/user/usecase/logic.go:38.16,41.3 2 0
altaproject2/features/user/usecase/logic.go:46.54,49.10 2 0
altaproject2/features/user/usecase/logic.go:52.2,52.18 1 0
altaproject2/features/user/usecase/logic.go:49.10,51.3 1 0
altaproject2/features/user/usecase/logic.go:56.69,60.23 3 1
altaproject2/features/user/usecase/logic.go:65.2,67.15 2 1
altaproject2/features/user/usecase/logic.go:72.2,74.20 2 1
altaproject2/features/user/usecase/logic.go:78.2,82.20 4 1
altaproject2/features/user/usecase/logic.go:87.2,87.12 1 1
altaproject2/features/user/usecase/logic.go:60.23,63.3 2 1
altaproject2/features/user/usecase/logic.go:67.15,70.3 2 1
altaproject2/features/user/usecase/logic.go:74.20,77.3 2 1
altaproject2/features/user/usecase/logic.go:82.20,85.3 2 1
altaproject2/features/user/usecase/logic.go:91.79,94.17 2 1
altaproject2/features/user/usecase/logic.go:99.2,101.15 2 1
altaproject2/features/user/usecase/logic.go:106.2,108.16 2 1
altaproject2/features/user/usecase/logic.go:113.2,118.12 4 1
altaproject2/features/user/usecase/logic.go:94.17,97.3 2 1
altaproject2/features/user/usecase/logic.go:101.15,104.3 2 0
altaproject2/features/user/usecase/logic.go:108.16,111.3 2 1
altaproject2/features/user/usecase/logic.go:121.61,124.16 2 0
altaproject2/features/user/usecase/logic.go:133.2,133.18 1 0
altaproject2/features/user/usecase/logic.go:124.16,126.36 2 0
altaproject2/features/user/usecase/logic.go:126.36,128.4 1 0
altaproject2/features/user/usecase/logic.go:128.9,130.4 1 0
